<?xml version="1.0" encoding="UTF-8"?>
<Site BuildName="(empty)"
	BuildStamp="20240627-0555-Experimental"
	Name="DESKTOP-SQ7S4O6"
	Generator="ctest-3.22.1"
	CompilerName="/usr/bin/c++"
	CompilerVersion="11.4.0"
	OSName="Linux"
	Hostname="DESKTOP-SQ7S4O6"
	OSRelease="5.15.133.1-microsoft-standard-WSL2"
	OSVersion="#1 SMP Thu Oct 5 21:02:42 UTC 2023"
	OSPlatform="x86_64"
	Is64Bits="1"
	VendorString="GenuineIntel"
	VendorID="Intel Corporation"
	FamilyID="6"
	ModelID="154"
	ProcessorCacheSize="18432"
	NumberOfLogicalCPU="16"
	NumberOfPhysicalCPU="8"
	TotalVirtualMemory="2048"
	TotalPhysicalMemory="7798"
	LogicalProcessorsPerPhysical="2"
	ProcessorClockFrequency="3110.4"
	>
	<Testing>
		<StartDateTime>Jun 27 12:27 +06</StartDateTime>
		<StartTestTime>1719469664</StartTestTime>
		<TestList/>
		<EndDateTime>Jun 27 12:27 +06</EndDateTime>
		<EndTestTime>1719469664</EndTestTime>
		<ElapsedMinutes>0</ElapsedMinutes>
	</Testing>
</Site>
